<?xml version="1.0" encoding="UTF-8"?>
<!-- Generated by org.testng.reporters.JUnitReportReporter -->
<testsuite hostname="INLEN8520073999" failures="0" tests="1" name="testpackage.HandleSelenium" time="15.272" errors="0" timestamp="2023-05-29T17:09:54 IST" skipped="0">
  <testcase classname="testpackage.HandleSelenium" name="test01" time="15.272"/>
  <system-out/>
</testsuite> <!-- testpackage.HandleSelenium -->
